2025-01-01T13:55:55.990Z [31merror[39m:	
Invalid `prisma.category.create()` invocation in
C:\Users\masoo\OneDrive\Desktop\Projects\FoodDeliveryApp-Rebuild\food-recipie-app\backend\helpers\cartegory.js:3:32

  1 const prisma = require("../utils/prismaUtil");
  2 const addCategory = async (data) => {
→ 3   return await prisma.category.create({
        data: {
          type: "Fast Food",
          image_0: {
          ~~~~~~~
            path: "hexandcube-h05BviyRzEo-unsplash.jpg"
          },
      ?   image?: String | Null,
      ?   createdAt?: DateTime,
      ?   updatedAt?: DateTime,
      ?   recipes?: RecipeCreateNestedManyWithoutCategoryInput
        }
      })

Unknown argument `image_0`. Did you mean `image`? Available options are marked with ?.
2025-01-01T13:57:02.903Z [31merror[39m:	
Invalid `prisma.category.create()` invocation in
C:\Users\masoo\OneDrive\Desktop\Projects\FoodDeliveryApp-Rebuild\food-recipie-app\backend\helpers\cartegory.js:3:32

  1 const prisma = require("../utils/prismaUtil");
  2 const addCategory = async (data) => {
→ 3   return await prisma.category.create({
        data: {
          type: "Fast Food",
          image: {
            path: "hexandcube-h05BviyRzEo-unsplash.jpg"
          }
          ~~~~~~~~~~~~~~~~~~~~~~~~~~~~~~~~~~~~~~~~~~~~~
        }
      })

Argument `image`: Invalid value provided. Expected String or Null, provided Object.
