2025-01-01T21:01:52.606Z [31merror[39m:	
Invalid `prisma.recipe.create()` invocation in
C:\Users\masoo\OneDrive\Desktop\Projects\FoodDeliveryApp-Rebuild\food-recipie-app\backend\helpers\recipe.js:5:36

  2 
  3 const addFood = async (data) => {
  4 
→ 5   const food = await prisma.recipe.create({
        data: {
          title: "Koko",
          description: "This is a very good ghanain delight",
          quantity: 5,
          total: 10,
          price: 4,
          categoryId: "6",
                      ~~~
          image: "https://res.cloudinary.com/food-delivery-images/image/upload/v1735765313/food/images/v8lnaryrasy4pyrqkptg.jpg"
        }
      })

Argument `categoryId`: Invalid value provided. Expected Int or Null, provided String.
2025-01-01T21:08:52.077Z [31merror[39m:	[object Object]
2025-01-01T21:11:05.146Z [31merror[39m:	
Invalid `prisma.recipe.delete()` invocation in
C:\Users\masoo\OneDrive\Desktop\Projects\FoodDeliveryApp-Rebuild\food-recipie-app\backend\helpers\recipe.js:37:42

  34 };
  35 
  36 const removeFood = async (id) => {
→ 37   const food = await prisma.recipe.delete({
         where: {
           id: "1"
               ~~~
         }
       })

Argument `id`: Invalid value provided. Expected Int, provided String.
2025-01-01T21:18:27.701Z [31merror[39m:	
Invalid `prisma.recipe.findMany()` invocation in
C:\Users\masoo\OneDrive\Desktop\Projects\FoodDeliveryApp-Rebuild\food-recipie-app\backend\helpers\recipe.js:11:37

   8 };
   9 
  10 const getFoods = async () => {
→ 11   const foods = await prisma.recipe.findMany({
         orderBy: {
           createdAt: "desc",
           category: true
                     ~~~~
         }
       })

Argument `category`: Invalid value provided. Expected CategoryOrderByWithRelationInput, provided Boolean.
2025-01-01T21:18:29.907Z [31merror[39m:	
Invalid `prisma.recipe.findMany()` invocation in
C:\Users\masoo\OneDrive\Desktop\Projects\FoodDeliveryApp-Rebuild\food-recipie-app\backend\helpers\recipe.js:11:37

   8 };
   9 
  10 const getFoods = async () => {
→ 11   const foods = await prisma.recipe.findMany({
         orderBy: {
           createdAt: "desc",
           category: true
                     ~~~~
         }
       })

Argument `category`: Invalid value provided. Expected CategoryOrderByWithRelationInput, provided Boolean.
2025-01-01T21:18:31.847Z [31merror[39m:	
Invalid `prisma.recipe.findMany()` invocation in
C:\Users\masoo\OneDrive\Desktop\Projects\FoodDeliveryApp-Rebuild\food-recipie-app\backend\helpers\recipe.js:11:37

   8 };
   9 
  10 const getFoods = async () => {
→ 11   const foods = await prisma.recipe.findMany({
         orderBy: {
           createdAt: "desc",
           category: true
                     ~~~~
         }
       })

Argument `category`: Invalid value provided. Expected CategoryOrderByWithRelationInput, provided Boolean.
2025-01-01T21:18:58.153Z [31merror[39m:	
Invalid `prisma.recipe.findMany()` invocation in
C:\Users\masoo\OneDrive\Desktop\Projects\FoodDeliveryApp-Rebuild\food-recipie-app\backend\helpers\recipe.js:11:37

   8 };
   9 
  10 const getFoods = async () => {
→ 11   const foods = await prisma.recipe.findMany({
         orderBy: {
           createdAt: "desc",
           category: "asc"
                     ~~~~~
         }
       })

Argument `category`: Invalid value provided. Expected CategoryOrderByWithRelationInput, provided String.
2025-01-01T21:30:28.278Z [31merror[39m:	
Invalid `prisma.recipe.delete()` invocation in
C:\Users\masoo\OneDrive\Desktop\Projects\FoodDeliveryApp-Rebuild\food-recipie-app\backend\helpers\recipe.js:39:42

  36 };
  37 
  38 const removeFood = async (id) => {
→ 39   const food = await prisma.recipe.delete(
An operation failed because it depends on one or more records that were required but not found. Record to delete does not exist.
